2018-05-16 08:55:41.364  WARN 3683 --- [HikariPool-1 housekeeper] com.zaxxer.hikari.pool.HikariPool        : HikariPool-1 - Thread starvation or clock leap detected (housekeeper delta=10h3m38s95ms).
2018-05-16 09:05:09.189  WARN 3683 --- [HikariPool-1 housekeeper] com.zaxxer.hikari.pool.HikariPool        : HikariPool-1 - Thread starvation or clock leap detected (housekeeper delta=9m28s333ms).
2018-05-16 10:37:07.199  WARN 3683 --- [HikariPool-1 housekeeper] com.zaxxer.hikari.pool.HikariPool        : HikariPool-1 - Thread starvation or clock leap detected (housekeeper delta=10m27s489ms).
2018-05-16 10:39:26.962  INFO 3683 --- [Thread-17] ConfigServletWebServerApplicationContext : Closing org.springframework.boot.web.servlet.context.AnnotationConfigServletWebServerApplicationContext@7b8b43c7: startup date [Tue May 15 22:33:59 ICT 2018]; root of context hierarchy
2018-05-16 10:39:27.018  INFO 3683 --- [Thread-17] o.s.j.e.a.AnnotationMBeanExporter        : Unregistering JMX-exposed beans on shutdown
2018-05-16 10:39:27.030  INFO 3683 --- [Thread-17] o.s.j.e.a.AnnotationMBeanExporter        : Unregistering JMX-exposed beans
2018-05-16 10:39:27.037  INFO 3683 --- [Thread-17] j.LocalContainerEntityManagerFactoryBean : Closing JPA EntityManagerFactory for persistence unit 'default'
2018-05-16 10:39:27.049  INFO 3683 --- [Thread-17] .SchemaDropperImpl$DelayedDropActionImpl : HHH000477: Starting delayed drop of schema as part of SessionFactory shut-down'
2018-05-16 10:39:27.069  INFO 3683 --- [Thread-17] com.zaxxer.hikari.HikariDataSource       : HikariPool-1 - Shutdown initiated...
2018-05-16 10:39:27.083  INFO 3683 --- [Thread-17] com.zaxxer.hikari.HikariDataSource       : HikariPool-1 - Shutdown completed.
2018-05-16 10:39:40.255  INFO 5856 --- [main] com.starter.project.ProjectApplication   : Starting ProjectApplication on Pichayuts-MacBook-Air.local with PID 5856 (/Users/pichayutpeerasathien/project/out/production/classes started by pichayutpeerasathien in /Users/pichayutpeerasathien/project)
2018-05-16 10:39:40.263  INFO 5856 --- [main] com.starter.project.ProjectApplication   : No active profile set, falling back to default profiles: default
2018-05-16 10:39:40.372  INFO 5856 --- [main] ConfigServletWebServerApplicationContext : Refreshing org.springframework.boot.web.servlet.context.AnnotationConfigServletWebServerApplicationContext@5117dd67: startup date [Wed May 16 10:39:40 ICT 2018]; root of context hierarchy
2018-05-16 10:39:42.864  INFO 5856 --- [main] trationDelegate$BeanPostProcessorChecker : Bean 'org.springframework.transaction.annotation.ProxyTransactionManagementConfiguration' of type [org.springframework.transaction.annotation.ProxyTransactionManagementConfiguration$$EnhancerBySpringCGLIB$$51423abe] is not eligible for getting processed by all BeanPostProcessors (for example: not eligible for auto-proxying)
2018-05-16 10:39:43.759  INFO 5856 --- [main] o.s.b.w.embedded.tomcat.TomcatWebServer  : Tomcat initialized with port(s): 8080 (http)
2018-05-16 10:39:43.816  INFO 5856 --- [main] o.apache.catalina.core.StandardService   : Starting service [Tomcat]
2018-05-16 10:39:43.817  INFO 5856 --- [main] org.apache.catalina.core.StandardEngine  : Starting Servlet Engine: Apache Tomcat/8.5.31
2018-05-16 10:39:43.827  INFO 5856 --- [localhost-startStop-1] o.a.catalina.core.AprLifecycleListener   : The APR based Apache Tomcat Native library which allows optimal performance in production environments was not found on the java.library.path: [/Users/pichayutpeerasathien/Library/Java/Extensions:/Library/Java/Extensions:/Network/Library/Java/Extensions:/System/Library/Java/Extensions:/usr/lib/java:.]
2018-05-16 10:39:43.977  INFO 5856 --- [localhost-startStop-1] o.a.c.c.C.[Tomcat].[localhost].[/]       : Initializing Spring embedded WebApplicationContext
2018-05-16 10:39:43.978  INFO 5856 --- [localhost-startStop-1] o.s.web.context.ContextLoader            : Root WebApplicationContext: initialization completed in 3606 ms
2018-05-16 10:39:44.235  INFO 5856 --- [localhost-startStop-1] o.s.b.w.servlet.FilterRegistrationBean   : Mapping filter: 'requestContextInitializationFilter' to: [/*]
2018-05-16 10:39:44.235  INFO 5856 --- [localhost-startStop-1] o.s.b.w.servlet.FilterRegistrationBean   : Mapping filter: 'characterEncodingFilter' to: [/*]
2018-05-16 10:39:44.236  INFO 5856 --- [localhost-startStop-1] o.s.b.w.servlet.FilterRegistrationBean   : Mapping filter: 'hiddenHttpMethodFilter' to: [/*]
2018-05-16 10:39:44.236  INFO 5856 --- [localhost-startStop-1] o.s.b.w.servlet.FilterRegistrationBean   : Mapping filter: 'httpPutFormContentFilter' to: [/*]
2018-05-16 10:39:44.236  INFO 5856 --- [localhost-startStop-1] o.s.b.w.servlet.FilterRegistrationBean   : Mapping filter: 'requestContextFilter' to: [/*]
2018-05-16 10:39:44.237  INFO 5856 --- [localhost-startStop-1] .s.DelegatingFilterProxyRegistrationBean : Mapping filter: 'springSecurityFilterChain' to: [/*]
2018-05-16 10:39:44.238  INFO 5856 --- [localhost-startStop-1] o.s.b.w.servlet.FilterRegistrationBean   : Mapping filter: 'simpleCorsFilter' to: [/*]
2018-05-16 10:39:44.238  INFO 5856 --- [localhost-startStop-1] o.s.b.w.servlet.ServletRegistrationBean  : Servlet dispatcherServlet mapped to [/]
2018-05-16 10:39:44.619  INFO 5856 --- [main] com.zaxxer.hikari.HikariDataSource       : HikariPool-1 - Starting...
2018-05-16 10:39:44.923  INFO 5856 --- [main] com.zaxxer.hikari.HikariDataSource       : HikariPool-1 - Start completed.
2018-05-16 10:39:45.171  INFO 5856 --- [main] j.LocalContainerEntityManagerFactoryBean : Building JPA container EntityManagerFactory for persistence unit 'default'
2018-05-16 10:39:45.200  INFO 5856 --- [main] o.hibernate.jpa.internal.util.LogHelper  : HHH000204: Processing PersistenceUnitInfo [
	name: default
	...]
2018-05-16 10:39:45.445  INFO 5856 --- [main] org.hibernate.Version                    : HHH000412: Hibernate Core {5.2.17.Final}
2018-05-16 10:39:45.449  INFO 5856 --- [main] org.hibernate.cfg.Environment            : HHH000206: hibernate.properties not found
2018-05-16 10:39:45.596  INFO 5856 --- [main] o.hibernate.annotations.common.Version   : HCANN000001: Hibernate Commons Annotations {5.0.1.Final}
2018-05-16 10:39:45.972  INFO 5856 --- [main] org.hibernate.dialect.Dialect            : HHH000400: Using dialect: org.hibernate.dialect.H2Dialect
2018-05-16 10:39:46.593  INFO 5856 --- [main] o.h.t.schema.internal.SchemaCreatorImpl  : HHH000476: Executing import script 'org.hibernate.tool.schema.internal.exec.ScriptSourceInputNonExistentImpl@13250132'
2018-05-16 10:39:46.598  INFO 5856 --- [main] j.LocalContainerEntityManagerFactoryBean : Initialized JPA EntityManagerFactory for persistence unit 'default'
2018-05-16 10:39:46.804  INFO 5856 --- [main] o.s.w.s.handler.SimpleUrlHandlerMapping  : Mapped URL path [/**/favicon.ico] onto handler of type [class org.springframework.web.servlet.resource.ResourceHttpRequestHandler]
2018-05-16 10:39:47.277  INFO 5856 --- [main] s.w.s.m.m.a.RequestMappingHandlerAdapter : Looking for @ControllerAdvice: org.springframework.boot.web.servlet.context.AnnotationConfigServletWebServerApplicationContext@5117dd67: startup date [Wed May 16 03:39:40 UTC 2018]; root of context hierarchy
2018-05-16 10:39:47.369  WARN 5856 --- [main] aWebConfiguration$JpaWebMvcConfiguration : spring.jpa.open-in-view is enabled by default. Therefore, database queries may be performed during view rendering. Explicitly configure spring.jpa.open-in-view to disable this warning
2018-05-16 10:39:47.456  INFO 5856 --- [main] s.w.s.m.m.a.RequestMappingHandlerMapping : Mapped "{[/]}" onto public java.lang.String com.starter.project.web.SessionController.helloAdmin()
2018-05-16 10:39:47.462  INFO 5856 --- [main] s.w.s.m.m.a.RequestMappingHandlerMapping : Mapped "{[/error]}" onto public org.springframework.http.ResponseEntity<java.util.Map<java.lang.String, java.lang.Object>> org.springframework.boot.autoconfigure.web.servlet.error.BasicErrorController.error(javax.servlet.http.HttpServletRequest)
2018-05-16 10:39:47.463  INFO 5856 --- [main] s.w.s.m.m.a.RequestMappingHandlerMapping : Mapped "{[/error],produces=[text/html]}" onto public org.springframework.web.servlet.ModelAndView org.springframework.boot.autoconfigure.web.servlet.error.BasicErrorController.errorHtml(javax.servlet.http.HttpServletRequest,javax.servlet.http.HttpServletResponse)
2018-05-16 10:39:47.521  INFO 5856 --- [main] o.s.w.s.handler.SimpleUrlHandlerMapping  : Mapped URL path [/webjars/**] onto handler of type [class org.springframework.web.servlet.resource.ResourceHttpRequestHandler]
2018-05-16 10:39:47.522  INFO 5856 --- [main] o.s.w.s.handler.SimpleUrlHandlerMapping  : Mapped URL path [/**] onto handler of type [class org.springframework.web.servlet.resource.ResourceHttpRequestHandler]
2018-05-16 10:39:48.166  INFO 5856 --- [main] .s.s.UserDetailsServiceAutoConfiguration : 

Using generated security password: fc73dbb5-c967-4ff1-8b4e-9be08b325e91

2018-05-16 10:39:48.549  INFO 5856 --- [main] o.s.s.web.DefaultSecurityFilterChain     : Creating filter chain: org.springframework.security.web.util.matcher.AnyRequestMatcher@1, [org.springframework.security.web.context.request.async.WebAsyncManagerIntegrationFilter@38a96593, org.springframework.security.web.context.SecurityContextPersistenceFilter@3c488b34, org.springframework.security.web.header.HeaderWriterFilter@5ad57e90, org.springframework.security.web.csrf.CsrfFilter@5b3518e1, org.springframework.security.web.authentication.logout.LogoutFilter@6dece1f9, org.springframework.security.web.authentication.UsernamePasswordAuthenticationFilter@382faf51, org.springframework.security.web.authentication.ui.DefaultLoginPageGeneratingFilter@55044b34, org.springframework.security.web.authentication.www.BasicAuthenticationFilter@2d2fc130, org.springframework.security.web.savedrequest.RequestCacheAwareFilter@5c76fce4, org.springframework.security.web.servletapi.SecurityContextHolderAwareRequestFilter@6d420cdd, org.springframework.security.web.authentication.AnonymousAuthenticationFilter@5df64b2a, org.springframework.security.web.session.SessionManagementFilter@7d61468c, org.springframework.security.web.access.ExceptionTranslationFilter@5731caaf, org.springframework.security.web.access.intercept.FilterSecurityInterceptor@d3cce46]
2018-05-16 10:39:48.707  INFO 5856 --- [main] o.s.j.e.a.AnnotationMBeanExporter        : Registering beans for JMX exposure on startup
2018-05-16 10:39:48.709  INFO 5856 --- [main] o.s.j.e.a.AnnotationMBeanExporter        : Bean with name 'dataSource' has been autodetected for JMX exposure
2018-05-16 10:39:48.717  INFO 5856 --- [main] o.s.j.e.a.AnnotationMBeanExporter        : Located MBean 'dataSource': registering with JMX server as MBean [com.zaxxer.hikari:name=dataSource,type=HikariDataSource]
2018-05-16 10:39:48.797  INFO 5856 --- [main] o.s.b.w.embedded.tomcat.TomcatWebServer  : Tomcat started on port(s): 8080 (http) with context path ''
2018-05-16 10:39:48.805  INFO 5856 --- [main] com.starter.project.ProjectApplication   : Started ProjectApplication in 9.699 seconds (JVM running for 11.692)
2018-05-16 11:28:46.244  WARN 5856 --- [HikariPool-1 housekeeper] com.zaxxer.hikari.pool.HikariPool        : HikariPool-1 - Thread starvation or clock leap detected (housekeeper delta=15m981ms).
2018-05-16 12:29:39.354  WARN 5856 --- [HikariPool-1 housekeeper] com.zaxxer.hikari.pool.HikariPool        : HikariPool-1 - Thread starvation or clock leap detected (housekeeper delta=41m22s971ms).
2018-05-16 12:31:38.971  WARN 5856 --- [HikariPool-1 housekeeper] com.zaxxer.hikari.pool.HikariPool        : HikariPool-1 - Thread starvation or clock leap detected (housekeeper delta=1m29s608ms).
2018-05-16 12:48:55.663  WARN 5856 --- [HikariPool-1 housekeeper] com.zaxxer.hikari.pool.HikariPool        : HikariPool-1 - Thread starvation or clock leap detected (housekeeper delta=14m46s662ms).
2018-05-16 13:16:17.216  WARN 5856 --- [HikariPool-1 housekeeper] com.zaxxer.hikari.pool.HikariPool        : HikariPool-1 - Thread starvation or clock leap detected (housekeeper delta=25m21s526ms).
2018-05-16 13:19:03.851  WARN 5856 --- [HikariPool-1 housekeeper] com.zaxxer.hikari.pool.HikariPool        : HikariPool-1 - Thread starvation or clock leap detected (housekeeper delta=2m16s622ms).
2018-05-16 13:19:06.139  INFO 5856 --- [Thread-23] ConfigServletWebServerApplicationContext : Closing org.springframework.boot.web.servlet.context.AnnotationConfigServletWebServerApplicationContext@5117dd67: startup date [Wed May 16 03:39:40 UTC 2018]; root of context hierarchy
2018-05-16 13:19:06.145  INFO 5856 --- [Thread-23] o.s.j.e.a.AnnotationMBeanExporter        : Unregistering JMX-exposed beans on shutdown
2018-05-16 13:19:06.146  INFO 5856 --- [Thread-23] o.s.j.e.a.AnnotationMBeanExporter        : Unregistering JMX-exposed beans
2018-05-16 13:19:06.147  INFO 5856 --- [Thread-23] j.LocalContainerEntityManagerFactoryBean : Closing JPA EntityManagerFactory for persistence unit 'default'
2018-05-16 13:19:06.148  INFO 5856 --- [Thread-23] .SchemaDropperImpl$DelayedDropActionImpl : HHH000477: Starting delayed drop of schema as part of SessionFactory shut-down'
2018-05-16 13:19:06.150  INFO 5856 --- [Thread-23] com.zaxxer.hikari.HikariDataSource       : HikariPool-1 - Shutdown initiated...
2018-05-16 13:19:06.155  INFO 5856 --- [Thread-23] com.zaxxer.hikari.HikariDataSource       : HikariPool-1 - Shutdown completed.
